<?xml version="1.0" encoding="UTF-8"?>
<!-- Generated by org.testng.reporters.JUnitReportReporter -->
<testsuite hostname="Shilpa-PC" failures="0" tests="1" name="POM_Practice_1.BaseRunner" time="3.510" errors="0" timestamp="2023-07-28T08:18:56 BST" skipped="0">
  <testcase classname="POM_Practice_1.BaseRunner" name="tesco_1st" time="3.510"/>
  <system-out/>
</testsuite> <!-- POM_Practice_1.BaseRunner -->
