<?xml version="1.0" encoding="UTF-8"?>
<!-- Generated by org.testng.reporters.JUnitReportReporter -->
<testsuite hostname="Shilpa-PC" failures="0" tests="1" name="Runner.FormFill" time="2.633" errors="0" timestamp="2023-07-27T11:54:23 BST" skipped="0">
  <testcase classname="Runner.FormFill" name="formData" time="2.633"/>
  <system-out/>
</testsuite> <!-- Runner.FormFill -->
