<?xml version="1.0" encoding="UTF-8"?>
<!-- Generated by org.testng.reporters.JUnitReportReporter -->
<testsuite hostname="Shilpa-PC" failures="0" tests="1" name="Runner.TestngPractice" time="10.402" errors="0" timestamp="2023-07-26T18:56:21 BST" skipped="0">
  <testcase classname="Runner.TestngPractice" name="registerUser" time="10.402"/>
  <system-out/>
</testsuite> <!-- Runner.TestngPractice -->
