<?xml version="1.0" encoding="UTF-8"?>
<!-- Generated by org.testng.reporters.JUnitReportReporter -->
<testsuite hostname="Shilpa-PC" failures="0" tests="1" name="Runner.Sample" time="5.523" errors="0" timestamp="2023-07-27T07:33:08 BST" skipped="0">
  <testcase classname="Runner.Sample" name="RegisterPage" time="5.523"/>
  <system-out/>
</testsuite> <!-- Runner.Sample -->
